<?xml version="1.0" encoding="UTF-8"?>
<!-- Generated by org.testng.reporters.JUnitReportReporter -->
<testsuite hostname="HYHC-71888-WL" failures="0" tests="1" name="com.learn.cucumber.running.TestRunner" time="26.163" errors="0" timestamp="2023-07-06T18:41:18 IST" skipped="0">
  <testcase classname="com.learn.cucumber.running.TestRunner" name="runScenario" time="26.163"/>
  <system-out/>
</testsuite> <!-- com.learn.cucumber.running.TestRunner -->
