<?xml version="1.0" encoding="UTF-8"?>
<!-- Generated by org.testng.reporters.JUnitReportReporter -->
<testsuite skipped="0" hostname="HYHC-71888-WL" name="com.learn.cucumber.runner.TestRunner" tests="1" failures="0" timestamp="2023-06-15T21:18:55 IST" time="0.155" errors="0">
  <testcase name="runScenario" time="0.155" classname="com.learn.cucumber.runner.TestRunner"/>
  <system-out/>
</testsuite> <!-- com.learn.cucumber.runner.TestRunner -->
